[1, 1, 0.16133424034626279, 0, 0.6264764452700349, 0, 0.17417843002138775, 1, 0, 0, 0, 0, 0, 0, 0, 0, 0, 0, 0, 0, 0, 0, 0, 0, 0, 0, 0, 0, 0, 0, 0, 0, 0, 0, 0, 0, 0, 0, 0, 0, 0, 0, 0, 0, 0]
There are 4 walnut trees currently in the park. Park workers will plant 6 more walnut trees today. How many walnut trees will the park have when the workers are finished ?


[1, 1, 0.16133424034626279, 0.16133424034626279, 0.16552921271687415, 0, 0, 1, 0, 0, 0, 0, 0, 0, 0, 0, 0, 0, 0, 0, 0, 0, 0, 0, 0, 0, 0, 0, 0, 0, 0, 0, 0, 0, 0, 0, 0, 0, 0, 0, 0, 0, 0, 0, 0]
Sam had 9 dimes in his bank. His dad gave him 7 more dimes. How many dimes does Sam have now ?


[1, 1, 0.16133424034626279, 1, 1, 1, 1, 1, 0, 0, 0, 0, 0, 0, 0, 0, 0, 0, 0, 0, 0, 0, 0, 0, 0, 0, 0, 0, 0, 0, 0, 0, 0, 0, 0, 0, 0, 0, 0, 0, 0, 0, 0, 0, 0]
A restaurant served 9 pizzas during lunch and 6 during dinner today. How many pizzas were served today ?


[1, 1, 1, 0.14806628988686296, 0.16552921271687415, 0, 0, 1, 0, 0, 0, 0, 0, 0, 0, 0, 0, 0, 0, 0, 0, 0, 0, 0, 0, 0, 0, 0, 0, 0, 0, 0, 0, 0, 0, 0, 0, 0, 0, 0, 0, 0, 0, 0, 0]
Jason had 49 quarters in his bank. His dad gave him 25 more quarters. How many quarters does he have now ?


[1, 1, 1, 1, 1, 1, 1, 1, 0, 0, 0, 0, 0, 0, 0, 0, 0, 0, 0, 0, 0, 0, 0, 0, 0, 0, 0, 0, 0, 0, 0, 0, 0, 0, 0, 0, 0, 0, 0, 0, 0, 0, 0, 0, 0]
Anna starts with 5 candies. She gets 86 more from Larry. How many candies does Anna end with?


[1, 1, 0.17393829957055215, 1, 1, 0, 1, 1, 0, 0, 0, 0, 0, 0, 0, 0, 0, 0, 0, 0, 0, 0, 0, 0, 0, 0, 0, 0, 0, 0, 0, 0, 0, 0, 0, 0, 0, 1, 0, 0, 0, 0, 0, 0, 0]
If there are 4 crayons in a box and Harold puts 15 more crayons inside, how many crayons are in the box?


[1, 1, 0.17393829957055215, 0, 0, 0, 0, 1, 0, 0, 0, 0, 0, 0, 0, 0, 0, 0, 0, 0, 0, 0, 0, 0, 0, 0, 0, 0, 0, 0, 0, 0, 0, 0, 0, 0, 0, 0, 0, 0, 0, 0, 0, 0, 0]
Martha has 2 peanuts. Joyce has 26 peanuts. If Joyce gives all of her peanuts to Martha, how many peanuts will Martha have?


[1, 1, 1, 1, 1, 1, 1, 1, 0, 0, 0, 0, 0, 0, 0, 0, 0, 0, 0, 0, 0, 0, 0, 0, 0, 0, 0, 0, 0, 0, 0, 0, 0, 0, 0, 0, 0, 0, 0, 0, 0, 0, 0, 0, 0]
Kevin starts with 7 cards. He finds another 47. How many cards does Kevin end with?


[1, 1, 1, 1, 1, 1, 1, 1, 0, 0, 0, 0, 0, 0, 0, 0, 0, 0, 0, 0, 0, 0, 0, 0, 0, 0, 0, 0, 0, 0, 0, 0, 0, 0, 0, 0, 0, 0, 0, 0, 0, 0, 0, 0, 0]
Nicholas starts with 8 bottle caps. He gets 85 more from Catherine. How many bottle caps does Nicholas end with?


[1, 1, 1, 1, 1, 1, 1, 1, 0, 0, 0, 0, 0, 0, 0, 0, 0, 0, 0, 0, 0, 0, 0, 0, 0, 0, 0, 0, 0, 0, 0, 0, 0, 0, 0, 0, 0, 0, 0, 0, 0, 0, 0, 0, 0]
Nancy starts with 91 bottle caps. She finds another 88. How many bottle caps does Nancy end with?


[1, 1, 1, 0, 0.19913640292796592, 0, 0, 1, 0, 0, 0, 0, 0, 0, 0, 0, 0, 0, 0, 0, 0, 0, 0, 0, 0, 0, 0, 0, 0, 0, 0, 0, 0, 0, 0, 0, 0, 0, 0, 0, 0, 0, 0, 0, 0]
There are 4 oranges. 73 oranges more are added. How many are there total?


[1, 1, 1, 0, 0.6264764452700349, 0, 0.17417843002138775, 1, 0, 0, 0, 0, 0, 0, 0, 0, 0, 0, 0, 0, 0, 0, 0, 0, 0, 0, 0, 0, 0, 0, 0, 0, 0, 0, 0, 0, 0, 0, 0, 0, 0, 0, 0, 0, 0]
There are 33 walnut trees currently in the park. Park workers will plant  44 more walnut trees today. How many walnut trees will the park have when the workers are finished ?


[1, 1, 1, 1, 1, 1, 1, 1, 0, 0, 0, 0, 0, 0, 0, 0, 0, 0, 0, 0, 0, 0, 0, 0, 0, 0, 0, 0, 0, 0, 0, 0, 0, 0, 0, 0, 0, 0, 0, 0, 0, 0, 0, 0, 0]
Sara had 21 quarters in her bank. Her dad gave her 49 more quarters. How many quarters does she have now ?


[1, 1, 0.17393829957055215, 0.17393829957055215, 0.19436771392667943, 0, 0.17417843002138775, 1, 0, 0, 0, 0, 0, 0, 0, 0, 0, 0, 0, 0, 0, 0, 0, 0, 0, 0, 0, 0, 0, 0, 0, 0, 0, 0, 0, 0, 0, 0, 0, 0, 0, 0, 0, 0, 0]
Patricia starts with 76 candies. Albert takes 5 away. How many candies does Patricia end with?


[1, 1, 1, 0, 0, 0, 0, 1, 0, 0, 0, 0, 0, 0, 0, 0, 0, 0, 0, 0, 0, 0, 0, 0, 0, 0, 0, 0, 0, 0, 0, 0, 0, 0, 0, 0, 0, 1, 0, 0, 0, 0, 0, 0, 0]
Ellen had 2,080 Legos, but she lost 17 Legos. How many Legos does she have now?


[1, 1, 0.16133424034626279, 0.16133424034626279, 1, 0, 1, 1, 0, 0, 0, 0, 0, 0, 0, 0, 0, 0, 0, 0, 0, 0, 0, 0, 0, 0, 0, 0, 0, 0, 0, 0, 0, 0, 0, 0, 0, 1, 0, 1, 0, 0, 0, 0, 0]
Meredith picked 347 apples. Phil ate 198 of the apples. How many apples are left?


[1, 1, 1, 1, 1, 0, 0, 1, 0, 0, 0, 0, 0, 0, 0, 0, 0, 0, 0, 0, 0, 0, 0, 0, 0, 0, 0, 0, 0, 0, 0, 0, 0, 0, 0, 0, 0, 0, 0, 0, 0, 0, 0, 0, 0]
Mike has 87 baseball cards. Sam bought 13 of Mike's  baseball cards. How many baseball cards does Mike have now ?


[1, 1, 0.16133424034626279, 0, 0.2743844911127874, 0, 0.17417843002138775, 1, 0, 0, 0, 0, 0, 0, 0, 0, 0, 0, 0, 0, 0, 0, 0, 0, 0, 0, 0, 0, 0, 0, 0, 0, 0, 0, 0, 0, 0, 0, 0, 0, 0, 0, 0, 0, 0]
Joan had 5 dimes in her bank. She spent 2 of her dimes. How many dimes does she have now ?


[1, 1, 1, 0, 0.19436771392667943, 0, 0.17417843002138775, 1, 0, 0, 0, 0, 0, 0, 0, 0, 0, 0, 0, 0, 0, 0, 0, 0, 0, 0, 0, 0, 0, 0, 0, 0, 0, 0, 0, 0, 0, 0, 0, 0, 0, 0, 0, 0, 0]
Fred has 40 baseball cards. Keith bought 22 of Fred's  baseball cards. How many baseball cards does Fred have now ?


64 83
0.7710843373493976
[2, 3, 4, 12, 16, 17, 18, 19, 20, 22, 23, 25, 26, 37, 40, 41, 52, 63, 77]
